2023-12-19 00:12:77 INFO  LoginPage :69 - Click On Login Button
2023-12-19 00:12:669 INFO  LoginPage :69 - Click On Login Button
2023-12-19 00:12:21 INFO  LoginPage :69 - Click On Login Button
2023-12-19 00:12:326 INFO  LoginPage :59 - Enter username  to User Name field 
2023-12-19 00:12:662 INFO  LoginPage :64 - Enter Password  to Password field 
2023-12-19 00:12:748 INFO  LoginPage :69 - Click On Login Button
2023-12-19 00:12:123 INFO  LoginPage :59 - Enter username test123@gmail.com to User Name field test123@gmail.com
2023-12-19 00:12:552 INFO  LoginPage :64 - Enter Password  to Password field 
2023-12-19 00:12:650 INFO  LoginPage :69 - Click On Login Button
2023-12-19 00:12:993 INFO  LoginPage :59 - Enter username  to User Name field 
2023-12-19 00:12:270 INFO  LoginPage :64 - Enter Password test123 to Password field test123
2023-12-19 00:12:383 INFO  LoginPage :69 - Click On Login Button
2023-12-19 00:12:662 INFO  LoginPage :59 - Enter username test123@gmail.com to User Name field test123@gmail.com
2023-12-19 00:12:34 INFO  LoginPage :64 - Enter Password test123 to Password field test123
2023-12-19 00:12:125 INFO  LoginPage :69 - Click On Login Button
2023-12-19 00:12:269 INFO  LoginPage :69 - Click On Login Button
2023-12-19 00:12:150 INFO  LoginPage :69 - Click On Login Button
2023-12-19 00:12:656 INFO  LoginPage :69 - Click On Login Button
2023-12-19 00:12:801 INFO  LoginPage :69 - Click On Login Button
2023-12-19 00:12:315 INFO  LoginPage :69 - Click On Login Button
2023-12-19 00:12:840 INFO  LoginPage :69 - Click On Login Button
2023-12-19 00:12:294 INFO  LoginPage :69 - Click On Login Button
